<?xml version="1.0" encoding="UTF-8"?>
<!-- Generated by org.testng.reporters.JUnitReportReporter -->
<testsuite hostname="DESKTOP-7D7B94N" failures="0" tests="2" name="TestNg.NewTestA" time="0.025" errors="0" timestamp="2022-03-23T20:22:03 IST" skipped="0">
  <testcase classname="TestNg.NewTestA" name="generaltab" time="0.020"/>
  <system-out/>
  <testcase classname="TestNg.NewTestA" name="homepage" time="0.005"/>
  <system-out/>
</testsuite> <!-- TestNg.NewTestA -->
