<?xml version="1.0" encoding="UTF-8"?>
<!-- Generated by org.testng.reporters.JUnitReportReporter -->
<testsuite hostname="DESKTOP-7D7B94N" failures="0" tests="2" name="TestNg.NewTestClassA" time="33.953" errors="0" timestamp="2022-03-28T16:52:45 IST" skipped="0">
  <testcase classname="TestNg.NewTestClassA" name="login" time="27.897"/>
  <system-out/>
  <testcase classname="TestNg.NewTestClassA" name="logout" time="6.056"/>
  <system-out/>
</testsuite> <!-- TestNg.NewTestClassA -->
