<?xml version="1.0" encoding="UTF-8"?>
<!-- Generated by org.testng.reporters.JUnitReportReporter -->
<testsuite hostname="DESKTOP-7D7B94N" failures="0" tests="5" name="TestNg.NewTestD" time="0.035" errors="0" timestamp="2022-03-23T20:25:20 IST" skipped="0">
  <testcase classname="TestNg.NewTestD" name="Page1" time="0.026"/>
  <system-out/>
  <testcase classname="TestNg.NewTestD" name="Sidebar" time="0.002"/>
  <system-out/>
  <testcase classname="TestNg.NewTestD" name="Sidebar" time="0.002"/>
  <system-out/>
  <testcase classname="TestNg.NewTestD" name="Sidebar" time="0.002"/>
  <system-out/>
  <testcase classname="TestNg.NewTestD" name="Sidebar" time="0.003"/>
  <system-out/>
</testsuite> <!-- TestNg.NewTestD -->
