<?xml version="1.0" encoding="UTF-8"?>
<!-- Generated by org.testng.reporters.JUnitReportReporter -->
<testsuite hostname="DESKTOP-7D7B94N" failures="0" tests="3" name="TestNg.NewTestDE_ON" time="0.026" errors="0" timestamp="2022-03-23T17:47:14 IST" skipped="0">
  <testcase classname="TestNg.NewTestDE_ON" name="afterpage" time="0.021"/>
  <system-out/>
  <testcase classname="TestNg.NewTestDE_ON" name="sidebar" time="0.002"/>
  <system-out/>
  <testcase classname="TestNg.NewTestDE_ON" name="homepage" time="0.003"/>
  <system-out/>
</testsuite> <!-- TestNg.NewTestDE_ON -->
