<?xml version="1.0" encoding="UTF-8"?>
<!-- Generated by org.testng.reporters.JUnitReportReporter -->
<testsuite hostname="DESKTOP-7D7B94N" failures="0" tests="1" name="TestNg.NewTest" time="0.003" errors="0" timestamp="2022-03-23T11:14:08 IST" skipped="0">
  <testcase classname="TestNg.NewTest" name="demo" time="0.003"/>
  <system-out/>
</testsuite> <!-- TestNg.NewTest -->
