<?xml version="1.0" encoding="UTF-8"?>
<!-- Generated by org.testng.reporters.JUnitReportReporter -->
<testsuite hostname="DESKTOP-7D7B94N" failures="0" tests="3" name="TestNg.NewTestNG1" time="0.027" errors="0" timestamp="2022-03-23T13:21:05 IST" skipped="0">
  <testcase classname="TestNg.NewTestNG1" name="afterpage" time="0.019"/>
  <system-out/>
  <testcase classname="TestNg.NewTestNG1" name="homepage" time="0.003"/>
  <system-out/>
  <testcase classname="TestNg.NewTestNG1" name="sidebar" time="0.005"/>
  <system-out/>
</testsuite> <!-- TestNg.NewTestNG1 -->
