<?xml version="1.0" encoding="UTF-8"?>
<!-- Generated by org.testng.reporters.JUnitReportReporter -->
<testsuite hostname="DESKTOP-7D7B94N" failures="0" tests="4" name="TestNg.TestNgparallel" time="0.023" errors="0" timestamp="2022-03-23T11:14:08 IST" skipped="0">
  <testcase classname="TestNg.TestNgparallel" name="demoA" time="0.011"/>
  <system-out/>
  <testcase classname="TestNg.TestNgparallel" name="demoC" time="0.003"/>
  <system-out/>
  <testcase classname="TestNg.TestNgparallel" name="demoB" time="0.005"/>
  <system-out/>
  <testcase classname="TestNg.TestNgparallel" name="demoD" time="0.004"/>
  <system-out/>
</testsuite> <!-- TestNg.TestNgparallel -->
