<?xml version="1.0" encoding="UTF-8"?>
<!-- Generated by org.testng.reporters.JUnitReportReporter -->
<testsuite hostname="DESKTOP-7D7B94N" failures="0" tests="2" name="TestNg.NewTestB" time="0.009" errors="0" timestamp="2022-03-23T20:22:03 IST" skipped="0">
  <testcase classname="TestNg.NewTestB" name="HomePage" time="0.004"/>
  <system-out/>
  <testcase classname="TestNg.NewTestB" name="Sidebar" time="0.005"/>
  <system-out/>
</testsuite> <!-- TestNg.NewTestB -->
