<?xml version="1.0" encoding="UTF-8"?>
<!-- Generated by org.testng.reporters.JUnitReportReporter -->
<testsuite hostname="DESKTOP-7D7B94N" failures="0" tests="2" name="TestNg.NewTestC" time="0.028" errors="0" timestamp="2022-03-23T20:22:33 IST" skipped="0">
  <testcase classname="TestNg.NewTestC" name="testCase1" time="0.025"/>
  <system-out/>
  <testcase classname="TestNg.NewTestC" name="testCase2" time="0.003"/>
  <system-out/>
</testsuite> <!-- TestNg.NewTestC -->
