<?xml version="1.0" encoding="UTF-8"?>
<!-- Generated by org.testng.reporters.JUnitReportReporter -->
<testsuite hostname="DESKTOP-7D7B94N" failures="0" tests="4" name="TestNg.NewTest3" time="0.015" errors="0" timestamp="2022-03-23T17:47:14 IST" skipped="0">
  <testcase classname="TestNg.NewTest3" name="test2" time="0.004"/>
  <system-out/>
  <testcase classname="TestNg.NewTest3" name="test3" time="0.004"/>
  <system-out/>
  <testcase classname="TestNg.NewTest3" name="test4" time="0.003"/>
  <system-out/>
  <testcase classname="TestNg.NewTest3" name="test1" time="0.004"/>
  <system-out/>
</testsuite> <!-- TestNg.NewTest3 -->
